<?xml version="1.0" encoding="UTF-8"?>
<robot generator="Robot 7.4.2 (Python 3.13.12 on win32)" generated="2026-03-11T18:09:56.175675" rpa="false" schemaversion="5">
<suite id="s1" name="E2EE" source="c:\SecureShare\frontend\tests\E2EE.robot">
<test id="s1-t1" name="test_login_nonexistent_user" line="56">
<kw name="Open SecureShare WFE">
<kw name="Set Variable" owner="BuiltIn">
<msg time="2026-03-11T18:09:56.338093" level="INFO">${download_path} = C:\SecureShare\downloads</msg>
<var>${download_path}</var>
<arg>${EXECDIR}${/}downloads</arg>
<doc>Returns the given values which can then be assigned to a variables.</doc>
<status status="PASS" start="2026-03-11T18:09:56.337734" elapsed="0.002079"/>
</kw>
<kw name="Create Directory" owner="OperatingSystem">
<msg time="2026-03-11T18:09:56.340264" level="INFO" html="true">Directory '&lt;a href="file://C:\SecureShare\downloads"&gt;C:\SecureShare\downloads&lt;/a&gt;' already exists.</msg>
<arg>${download_path}</arg>
<doc>Creates the specified directory.</doc>
<status status="PASS" start="2026-03-11T18:09:56.340014" elapsed="0.000370"/>
</kw>
<kw name="Create Dictionary" owner="BuiltIn">
<msg time="2026-03-11T18:09:56.340972" level="INFO">${prefs} = {'download.default_directory': 'C:\\SecureShare\\downloads', 'download.prompt_for_download': False, 'directory_upgrade': True}</msg>
<var>${prefs}</var>
<arg>download.default_directory=${download_path}</arg>
<arg>download.prompt_for_download=${False}</arg>
<arg>directory_upgrade=${True}</arg>
<doc>Creates and returns a dictionary based on the given ``items``.</doc>
<status status="PASS" start="2026-03-11T18:09:56.340511" elapsed="0.000538"/>
</kw>
<kw name="Evaluate" owner="BuiltIn">
<msg time="2026-03-11T18:09:56.344329" level="INFO">${options} = &lt;selenium.webdriver.chrome.options.Options object at 0x00000259267A41A0&gt;</msg>
<var>${options}</var>
<arg>sys.modules['selenium.webdriver'].ChromeOptions()</arg>
<arg>sys, selenium.webdriver</arg>
<doc>Evaluates the given expression in Python and returns the result.</doc>
<status status="PASS" start="2026-03-11T18:09:56.341215" elapsed="0.003210"/>
</kw>
<kw name="Call Method" owner="BuiltIn">
<arg>${options}</arg>
<arg>add_experimental_option</arg>
<arg>prefs</arg>
<arg>${prefs}</arg>
<doc>Calls the named method of the given object with the provided arguments.</doc>
<status status="PASS" start="2026-03-11T18:09:56.344548" elapsed="0.000473"/>
</kw>
<kw name="Create Webdriver" owner="SeleniumLibrary">
<msg time="2026-03-11T18:09:56.352147" level="INFO">Creating an instance of the Chrome WebDriver.</msg>
<arg>Chrome</arg>
<arg>options=${options}</arg>
<doc>Creates an instance of Selenium WebDriver.</doc>
<status status="PASS" start="2026-03-11T18:09:56.345169" elapsed="0.711053"/>
</kw>
<kw name="Go To" owner="SeleniumLibrary">
<msg time="2026-03-11T18:09:57.056920" level="INFO">Opening url 'https://kitschuu-secureshare-frontendapp-lzx4q3.streamlit.app'</msg>
<arg>${URL}</arg>
<doc>Navigates the current browser window to the provided ``url``.</doc>
<status status="PASS" start="2026-03-11T18:09:57.056643" elapsed="3.435321"/>
</kw>
<kw name="Maximize Browser Window" owner="SeleniumLibrary">
<doc>Maximizes current browser window.</doc>
<status status="PASS" start="2026-03-11T18:10:00.492708" elapsed="0.062058"/>
</kw>
<kw name="Wait Until Page Contains" owner="SeleniumLibrary">
<arg>SecureShare</arg>
<doc>Waits until ``text`` appears on the current page.</doc>
<status status="PASS" start="2026-03-11T18:10:00.555242" elapsed="4.161270"/>
</kw>
<status status="PASS" start="2026-03-11T18:09:56.337078" elapsed="8.379611"/>
</kw>
<kw name="Generate Auto Username">
<kw name="Evaluate" owner="BuiltIn">
<msg time="2026-03-11T18:10:04.718572" level="INFO">${Username} = auto_user_20260311181004</msg>
<var>${Username}</var>
<arg>"auto_user_" + datetime.datetime.now().strftime("%Y%m%d%H%M%S")</arg>
<arg>modules=datetime</arg>
<doc>Evaluates the given expression in Python and returns the result.</doc>
<status status="PASS" start="2026-03-11T18:10:04.717577" elapsed="0.001098"/>
</kw>
<kw name="Return From Keyword" owner="BuiltIn">
<msg time="2026-03-11T18:10:04.719004" level="INFO">Returning from the enclosing user keyword.</msg>
<arg>${Username}</arg>
<doc>Returns from the enclosing user keyword.</doc>
<status status="PASS" start="2026-03-11T18:10:04.718817" elapsed="0.000295"/>
</kw>
<msg time="2026-03-11T18:10:04.719281" level="INFO">${Auto_Username} = auto_user_20260311181004</msg>
<var>${Auto_Username}</var>
<status status="PASS" start="2026-03-11T18:10:04.717263" elapsed="0.002083"/>
</kw>
<kw name="Generate Auto Password">
<kw name="Evaluate" owner="BuiltIn">
<msg time="2026-03-11T18:10:04.721188" level="INFO">${Password} = auto_password_20260311181004</msg>
<var>${Password}</var>
<arg>"auto_password_" + datetime.datetime.now().strftime("%Y%m%d%H%M%S")</arg>
<arg>modules=datetime</arg>
<doc>Evaluates the given expression in Python and returns the result.</doc>
<status status="PASS" start="2026-03-11T18:10:04.720245" elapsed="0.001086"/>
</kw>
<kw name="Return From Keyword" owner="BuiltIn">
<msg time="2026-03-11T18:10:04.721788" level="INFO">Returning from the enclosing user keyword.</msg>
<arg>${Password}</arg>
<doc>Returns from the enclosing user keyword.</doc>
<status status="PASS" start="2026-03-11T18:10:04.721550" elapsed="0.000339"/>
</kw>
<msg time="2026-03-11T18:10:04.722056" level="INFO">${Auto_Password} = auto_password_20260311181004</msg>
<var>${Auto_Password}</var>
<status status="PASS" start="2026-03-11T18:10:04.719848" elapsed="0.002285"/>
</kw>
<kw name="Login WFE SecureShare">
<kw name="Wait Until Element Is Visible" owner="SeleniumLibrary">
<arg>xpath=//iframe[@title="streamlitApp"]</arg>
<arg>timeout=10s</arg>
<doc>Waits until the element ``locator`` is visible.</doc>
<status status="PASS" start="2026-03-11T18:10:04.723331" elapsed="0.032529"/>
</kw>
<kw name="Select Frame" owner="SeleniumLibrary">
<msg time="2026-03-11T18:10:04.756414" level="INFO">Selecting frame 'xpath=//iframe[@title="streamlitApp"]'.</msg>
<arg>xpath=//iframe[@title="streamlitApp"]</arg>
<doc>Sets frame identified by ``locator`` as the current frame.</doc>
<status status="PASS" start="2026-03-11T18:10:04.756158" elapsed="0.064165"/>
</kw>
<kw name="Wait Until Element Is Visible" owner="SeleniumLibrary">
<arg>xpath=//button[@data-testid="stTab"]//p[text()="Login"]</arg>
<arg>timeout=10s</arg>
<doc>Waits until the element ``locator`` is visible.</doc>
<status status="PASS" start="2026-03-11T18:10:04.820698" elapsed="0.030092"/>
</kw>
<kw name="Click Element" owner="SeleniumLibrary">
<msg time="2026-03-11T18:10:04.851634" level="INFO">Clicking element 'xpath=//button[@data-testid="stTab"]//p[text()="Login"]'.</msg>
<arg>xpath=//button[@data-testid="stTab"]//p[text()="Login"]</arg>
<doc>Click the element identified by ``locator``.</doc>
<status status="PASS" start="2026-03-11T18:10:04.851253" elapsed="0.236836"/>
</kw>
<kw name="Sleep" owner="BuiltIn">
<msg time="2026-03-11T18:10:07.089712" level="INFO">Slept 2 seconds.</msg>
<arg>2s</arg>
<doc>Pauses the test executed for the given time.</doc>
<status status="PASS" start="2026-03-11T18:10:05.088640" elapsed="2.001303"/>
</kw>
<kw name="Wait Until Page Contains" owner="SeleniumLibrary">
<arg>Login</arg>
<doc>Waits until ``text`` appears on the current page.</doc>
<status status="PASS" start="2026-03-11T18:10:07.090153" elapsed="0.012699"/>
</kw>
<kw name="Wait Until Page Contains" owner="SeleniumLibrary">
<arg>Username</arg>
<doc>Waits until ``text`` appears on the current page.</doc>
<status status="PASS" start="2026-03-11T18:10:07.103118" elapsed="0.013099"/>
</kw>
<kw name="Wait Until Page Contains" owner="SeleniumLibrary">
<arg>Password</arg>
<doc>Waits until ``text`` appears on the current page.</doc>
<status status="PASS" start="2026-03-11T18:10:07.116482" elapsed="0.020097"/>
</kw>
<kw name="Wait Until Element Is Visible" owner="SeleniumLibrary">
<arg>xpath=//input[@aria-label="Username"]</arg>
<arg>timeout=10s</arg>
<doc>Waits until the element ``locator`` is visible.</doc>
<status status="PASS" start="2026-03-11T18:10:07.136798" elapsed="0.022939"/>
</kw>
<kw name="Input Text" owner="SeleniumLibrary">
<msg time="2026-03-11T18:10:07.160453" level="INFO">Typing text 'auto_user_20260311181004' into text field 'xpath=//input[@aria-label="Username"]'.</msg>
<arg>xpath=//input[@aria-label="Username"]</arg>
<arg>${Username}</arg>
<doc>Types the given ``text`` into the text field identified by ``locator``.</doc>
<status status="PASS" start="2026-03-11T18:10:07.160149" elapsed="0.148902"/>
</kw>
<kw name="Wait Until Element Is Visible" owner="SeleniumLibrary">
<arg>xpath=//input[@aria-label="Password"]</arg>
<arg>timeout=10s</arg>
<doc>Waits until the element ``locator`` is visible.</doc>
<status status="PASS" start="2026-03-11T18:10:07.309427" elapsed="0.022719"/>
</kw>
<kw name="Input Password" owner="SeleniumLibrary">
<msg time="2026-03-11T18:10:07.332969" level="INFO">Typing password into text field 'xpath=//input[@aria-label="Password"]'.</msg>
<msg time="2026-03-11T18:10:07.369374" level="INFO">Temporally setting log level to: NONE</msg>
<arg>xpath=//input[@aria-label="Password"]</arg>
<arg>${Password}</arg>
<doc>Types the given password into the text field identified by ``locator``.</doc>
<status status="PASS" start="2026-03-11T18:10:07.332566" elapsed="0.146733"/>
</kw>
<kw name="Click Element" owner="SeleniumLibrary">
<msg time="2026-03-11T18:10:07.480024" level="INFO">Clicking element 'xpath=//div[@data-testid="stButton"]//button[contains(., "Login")]'.</msg>
<arg>xpath=//div[@data-testid="stButton"]//button[contains(., "Login")]</arg>
<doc>Click the element identified by ``locator``.</doc>
<status status="PASS" start="2026-03-11T18:10:07.479699" elapsed="0.152342"/>
</kw>
<kw name="Unselect Frame" owner="SeleniumLibrary">
<doc>Sets the main frame as the current frame.</doc>
<status status="PASS" start="2026-03-11T18:10:07.632541" elapsed="0.007325"/>
</kw>
<arg>${Auto_Username}</arg>
<arg>${Auto_Password}</arg>
<status status="PASS" start="2026-03-11T18:10:04.722881" elapsed="2.917213"/>
</kw>
<kw name="Verify Login fail">
<kw name="Wait Until Element Is Visible" owner="SeleniumLibrary">
<arg>xpath=//iframe[@title="streamlitApp"]</arg>
<arg>timeout=10s</arg>
<doc>Waits until the element ``locator`` is visible.</doc>
<status status="PASS" start="2026-03-11T18:10:07.641103" elapsed="0.017907"/>
</kw>
<kw name="Select Frame" owner="SeleniumLibrary">
<msg time="2026-03-11T18:10:07.659543" level="INFO">Selecting frame 'xpath=//iframe[@title="streamlitApp"]'.</msg>
<arg>xpath=//iframe[@title="streamlitApp"]</arg>
<doc>Sets frame identified by ``locator`` as the current frame.</doc>
<status status="PASS" start="2026-03-11T18:10:07.659260" elapsed="0.028142"/>
</kw>
<kw name="Wait Until Element Is Visible" owner="SeleniumLibrary">
<arg>xpath=//div[@data-testid="stAlertContentError"]//p[contains(., "Invalid credentials")]</arg>
<arg>timeout=15s</arg>
<doc>Waits until the element ``locator`` is visible.</doc>
<status status="PASS" start="2026-03-11T18:10:07.687741" elapsed="0.641855"/>
</kw>
<kw name="Wait Until Page Contains Element" owner="SeleniumLibrary">
<arg>xpath=//div[@data-testid="stAlertContentError"]//p[contains(., "Invalid credentials")]</arg>
<arg>timeout=5s</arg>
<doc>Waits until the element ``locator`` appears on the current page.</doc>
<status status="PASS" start="2026-03-11T18:10:08.329961" elapsed="0.005436"/>
</kw>
<kw name="Unselect Frame" owner="SeleniumLibrary">
<doc>Sets the main frame as the current frame.</doc>
<status status="PASS" start="2026-03-11T18:10:08.335593" elapsed="0.004523"/>
</kw>
<status status="PASS" start="2026-03-11T18:10:07.640792" elapsed="0.699599"/>
</kw>
<kw name="Close SecureShare WFE">
<kw name="Close Browser" owner="SeleniumLibrary">
<doc>Closes the current browser.</doc>
<status status="PASS" start="2026-03-11T18:10:08.341411" elapsed="2.217637"/>
</kw>
<status status="PASS" start="2026-03-11T18:10:08.341008" elapsed="2.218313"/>
</kw>
<status status="PASS" start="2026-03-11T18:09:56.336412" elapsed="14.223565"/>
</test>
<status status="PASS" start="2026-03-11T18:09:56.179520" elapsed="14.381978"/>
</suite>
<statistics>
<total>
<stat pass="1" fail="0" skip="0">All Tests</stat>
</total>
<tag>
</tag>
<suite>
<stat name="E2EE" id="s1" pass="1" fail="0" skip="0">E2EE</stat>
</suite>
</statistics>
<errors>
</errors>
</robot>
