<?xml version="1.0" encoding="UTF-8"?>
<robot generator="Robot 7.4.2 (Python 3.12.10 on win32)" generated="2026-03-12T01:22:31.497796" rpa="false" schemaversion="5">
<suite id="s1" name="E2E Testcases" source="c:\cyber\SecureShare\frontend\tests\Testcases\E2E_Testcases.robot">
<test id="s1-t1" name="test_register_success" line="12">
<kw name="Open SecureShare WFE" owner="E2E_Keywords">
<kw name="Set Variable" owner="BuiltIn">
<msg time="2026-03-12T01:22:31.780938" level="INFO">${download_path} = C:\cyber\SecureShare\frontend\tests\Keywords\downloads</msg>
<var>${download_path}</var>
<arg>${EXECDIR}${/}frontend${/}tests${/}Keywords${/}downloads</arg>
<doc>Returns the given values which can then be assigned to a variables.</doc>
<status status="PASS" start="2026-03-12T01:22:31.779932" elapsed="0.024443"/>
</kw>
<kw name="Create Directory" owner="OperatingSystem">
<msg time="2026-03-12T01:22:31.805887" level="INFO" html="true">Directory '&lt;a href="file://C:\cyber\SecureShare\frontend\tests\Keywords\downloads"&gt;C:\cyber\SecureShare\frontend\tests\Keywords\downloads&lt;/a&gt;' already exists.</msg>
<arg>${download_path}</arg>
<doc>Creates the specified directory.</doc>
<status status="PASS" start="2026-03-12T01:22:31.805376" elapsed="0.002020"/>
</kw>
<kw name="Create Dictionary" owner="BuiltIn">
<msg time="2026-03-12T01:22:31.808912" level="INFO">${prefs} = {'download.default_directory': 'C:\\cyber\\SecureShare\\frontend\\tests\\Keywords\\downloads', 'download.prompt_for_download': False, 'directory_upgrade': True}</msg>
<var>${prefs}</var>
<arg>download.default_directory=${download_path}</arg>
<arg>download.prompt_for_download=${False}</arg>
<arg>directory_upgrade=${True}</arg>
<doc>Creates and returns a dictionary based on the given ``items``.</doc>
<status status="PASS" start="2026-03-12T01:22:31.807396" elapsed="0.001516"/>
</kw>
<kw name="Evaluate" owner="BuiltIn">
<msg time="2026-03-12T01:22:31.856058" level="INFO">${options} = &lt;selenium.webdriver.chrome.options.Options object at 0x000001BFAF3CA5D0&gt;</msg>
<var>${options}</var>
<arg>sys.modules['selenium.webdriver'].ChromeOptions()</arg>
<arg>sys, selenium.webdriver</arg>
<doc>Evaluates the given expression in Python and returns the result.</doc>
<status status="PASS" start="2026-03-12T01:22:31.808912" elapsed="0.047146"/>
</kw>
<kw name="Call Method" owner="BuiltIn">
<arg>${options}</arg>
<arg>add_experimental_option</arg>
<arg>prefs</arg>
<arg>${prefs}</arg>
<doc>Calls the named method of the given object with the provided arguments.</doc>
<status status="PASS" start="2026-03-12T01:22:31.856058" elapsed="0.001506"/>
</kw>
<kw name="Create Webdriver" owner="SeleniumLibrary">
<msg time="2026-03-12T01:22:31.951096" level="INFO">Creating an instance of the Chrome WebDriver.</msg>
<arg>Chrome</arg>
<arg>options=${options}</arg>
<doc>Creates an instance of Selenium WebDriver.</doc>
<status status="PASS" start="2026-03-12T01:22:31.857564" elapsed="5.111842"/>
</kw>
<kw name="Go To" owner="SeleniumLibrary">
<msg time="2026-03-12T01:22:36.971420" level="INFO">Opening url 'https://kitschuu-secureshare-frontendapp-lzx4q3.streamlit.app'</msg>
<arg>${URL}</arg>
<doc>Navigates the current browser window to the provided ``url``.</doc>
<status status="PASS" start="2026-03-12T01:22:36.970597" elapsed="6.376811"/>
</kw>
<kw name="Maximize Browser Window" owner="SeleniumLibrary">
<doc>Maximizes current browser window.</doc>
<status status="PASS" start="2026-03-12T01:22:43.347408" elapsed="0.056272"/>
</kw>
<kw name="Wait Until Page Contains" owner="SeleniumLibrary">
<arg>SecureShare</arg>
<doc>Waits until ``text`` appears on the current page.</doc>
<status status="PASS" start="2026-03-12T01:22:43.405754" elapsed="2.209609"/>
</kw>
<status status="PASS" start="2026-03-12T01:22:31.778426" elapsed="13.837948"/>
</kw>
<kw name="Generate Auto Username" owner="E2E_Keywords">
<kw name="Evaluate" owner="BuiltIn">
<msg time="2026-03-12T01:22:45.618372" level="INFO">${Username} = auto_user_20260312012245</msg>
<var>${Username}</var>
<arg>"auto_user_" + datetime.datetime.now().strftime("%Y%m%d%H%M%S")</arg>
<arg>modules=datetime</arg>
<doc>Evaluates the given expression in Python and returns the result.</doc>
<status status="PASS" start="2026-03-12T01:22:45.618372" elapsed="0.000000"/>
</kw>
<kw name="Return From Keyword" owner="BuiltIn">
<msg time="2026-03-12T01:22:45.620337" level="INFO">Returning from the enclosing user keyword.</msg>
<arg>${Username}</arg>
<doc>Returns from the enclosing user keyword.</doc>
<status status="PASS" start="2026-03-12T01:22:45.618372" elapsed="0.001965"/>
</kw>
<msg time="2026-03-12T01:22:45.620337" level="INFO">${Auto_Username} = auto_user_20260312012245</msg>
<var>${Auto_Username}</var>
<status status="PASS" start="2026-03-12T01:22:45.617368" elapsed="0.005080"/>
</kw>
<kw name="Generate Auto Email" owner="E2E_Keywords">
<kw name="Evaluate" owner="BuiltIn">
<msg time="2026-03-12T01:22:45.625373" level="INFO">${Email} = auto_email_20260312012245@gmail.com</msg>
<var>${Email}</var>
<arg>"auto_email_" + datetime.datetime.now().strftime("%Y%m%d%H%M%S") + "@gmail.com"</arg>
<arg>modules=datetime</arg>
<doc>Evaluates the given expression in Python and returns the result.</doc>
<status status="PASS" start="2026-03-12T01:22:45.624364" elapsed="0.001009"/>
</kw>
<kw name="Return From Keyword" owner="BuiltIn">
<msg time="2026-03-12T01:22:45.627018" level="INFO">Returning from the enclosing user keyword.</msg>
<arg>${Email}</arg>
<doc>Returns from the enclosing user keyword.</doc>
<status status="PASS" start="2026-03-12T01:22:45.626029" elapsed="0.002503"/>
</kw>
<msg time="2026-03-12T01:22:45.630090" level="INFO">${Auto_Email} = auto_email_20260312012245@gmail.com</msg>
<var>${Auto_Email}</var>
<status status="PASS" start="2026-03-12T01:22:45.623349" elapsed="0.006741"/>
</kw>
<kw name="Generate Auto Password" owner="E2E_Keywords">
<kw name="Evaluate" owner="BuiltIn">
<msg time="2026-03-12T01:22:45.638386" level="INFO">${Password} = auto_password_20260312012245</msg>
<var>${Password}</var>
<arg>"auto_password_" + datetime.datetime.now().strftime("%Y%m%d%H%M%S")</arg>
<arg>modules=datetime</arg>
<doc>Evaluates the given expression in Python and returns the result.</doc>
<status status="PASS" start="2026-03-12T01:22:45.633275" elapsed="0.008122"/>
</kw>
<kw name="Return From Keyword" owner="BuiltIn">
<msg time="2026-03-12T01:22:45.643408" level="INFO">Returning from the enclosing user keyword.</msg>
<arg>${Password}</arg>
<doc>Returns from the enclosing user keyword.</doc>
<status status="PASS" start="2026-03-12T01:22:45.642397" elapsed="0.001011"/>
</kw>
<msg time="2026-03-12T01:22:45.644511" level="INFO">${Auto_Password} = auto_password_20260312012245</msg>
<var>${Auto_Password}</var>
<status status="PASS" start="2026-03-12T01:22:45.631103" elapsed="0.013408"/>
</kw>
<kw name="Set Selenium Speed" owner="SeleniumLibrary">
<arg>0.20s</arg>
<doc>Sets the delay that is waited after each Selenium command.</doc>
<status status="PASS" start="2026-03-12T01:22:45.645909" elapsed="0.003020"/>
</kw>
<kw name="Register WFE SecureShare" owner="E2E_Keywords">
<kw name="Wait Until Element Is Visible" owner="SeleniumLibrary">
<arg>xpath=//iframe[@title="streamlitApp"]</arg>
<arg>timeout=10s</arg>
<doc>Waits until the element ``locator`` is visible.</doc>
<status status="PASS" start="2026-03-12T01:22:45.653923" elapsed="0.449336"/>
</kw>
<kw name="Select Frame" owner="SeleniumLibrary">
<msg time="2026-03-12T01:22:46.103259" level="INFO">Selecting frame 'xpath=//iframe[@title="streamlitApp"]'.</msg>
<arg>xpath=//iframe[@title="streamlitApp"]</arg>
<doc>Sets frame identified by ``locator`` as the current frame.</doc>
<status status="PASS" start="2026-03-12T01:22:46.103259" elapsed="0.482194"/>
</kw>
<kw name="Wait Until Element Is Visible" owner="SeleniumLibrary">
<arg>xpath=//button[@data-testid="stTab"]//p[text()="Register"]</arg>
<arg>timeout=10s</arg>
<doc>Waits until the element ``locator`` is visible.</doc>
<status status="PASS" start="2026-03-12T01:22:46.585453" elapsed="0.443015"/>
</kw>
<kw name="Click Element" owner="SeleniumLibrary">
<msg time="2026-03-12T01:22:47.028468" level="INFO">Clicking element 'xpath=//button[@data-testid="stTab"]//p[text()="Register"]'.</msg>
<arg>xpath=//button[@data-testid="stTab"]//p[text()="Register"]</arg>
<doc>Click the element identified by ``locator``.</doc>
<status status="PASS" start="2026-03-12T01:22:47.028468" elapsed="0.602230"/>
</kw>
<kw name="Wait Until Element Is Visible" owner="SeleniumLibrary">
<arg>xpath=//div[contains(@class, 'st-key-reg_email')]//input</arg>
<arg>timeout=10s</arg>
<doc>Waits until the element ``locator`` is visible.</doc>
<status status="PASS" start="2026-03-12T01:22:47.631828" elapsed="0.442294"/>
</kw>
<kw name="Input Text" owner="SeleniumLibrary">
<msg time="2026-03-12T01:22:48.075265" level="INFO">Typing text 'auto_user_20260312012245' into text field 'xpath=//div[contains(@class, 'st-key-reg_user')]//input'.</msg>
<arg>xpath=//div[contains(@class, 'st-key-reg_user')]//input</arg>
<arg>${Username}</arg>
<doc>Types the given ``text`` into the text field identified by ``locator``.</doc>
<status status="PASS" start="2026-03-12T01:22:48.074122" elapsed="0.752090"/>
</kw>
<kw name="Input Text" owner="SeleniumLibrary">
<msg time="2026-03-12T01:22:48.828726" level="INFO">Typing text 'auto_email_20260312012245@gmail.com' into text field 'xpath=//div[contains(@class, 'st-key-reg_email')]//input'.</msg>
<arg>xpath=//div[contains(@class, 'st-key-reg_email')]//input</arg>
<arg>${Email}</arg>
<doc>Types the given ``text`` into the text field identified by ``locator``.</doc>
<status status="PASS" start="2026-03-12T01:22:48.826718" elapsed="0.820380"/>
</kw>
<kw name="Input Password" owner="SeleniumLibrary">
<msg time="2026-03-12T01:22:49.648631" level="INFO">Typing password into text field 'xpath=//div[contains(@class, 'st-key-reg_pass')]//input'.</msg>
<msg time="2026-03-12T01:22:50.140581" level="INFO">Temporally setting log level to: NONE</msg>
<arg>xpath=//div[contains(@class, 'st-key-reg_pass')]//input</arg>
<arg>${Password}</arg>
<doc>Types the given password into the text field identified by ``locator``.</doc>
<status status="PASS" start="2026-03-12T01:22:49.647098" elapsed="0.787180"/>
</kw>
<kw name="Click Element" owner="SeleniumLibrary">
<msg time="2026-03-12T01:22:50.435346" level="INFO">Clicking element 'xpath=//div[@data-testid="stButton"]//button[contains(., "Register")]'.</msg>
<arg>xpath=//div[@data-testid="stButton"]//button[contains(., "Register")]</arg>
<doc>Click the element identified by ``locator``.</doc>
<status status="PASS" start="2026-03-12T01:22:50.434278" elapsed="0.552106"/>
</kw>
<kw name="Unselect Frame" owner="SeleniumLibrary">
<doc>Sets the main frame as the current frame.</doc>
<status status="PASS" start="2026-03-12T01:22:50.986889" elapsed="0.204230"/>
</kw>
<arg>${Auto_Username}</arg>
<arg>${Auto_Email}</arg>
<arg>${Auto_Password}</arg>
<status status="PASS" start="2026-03-12T01:22:45.652930" elapsed="5.538189"/>
</kw>
<kw name="Verify Register successfully" owner="E2E_Keywords">
<kw name="Wait Until Element Is Visible" owner="SeleniumLibrary">
<arg>xpath=//iframe[@title="streamlitApp"]</arg>
<arg>timeout=10s</arg>
<doc>Waits until the element ``locator`` is visible.</doc>
<status status="PASS" start="2026-03-12T01:22:51.194319" elapsed="0.430262"/>
</kw>
<kw name="Select Frame" owner="SeleniumLibrary">
<msg time="2026-03-12T01:22:51.625128" level="INFO">Selecting frame 'xpath=//iframe[@title="streamlitApp"]'.</msg>
<arg>xpath=//iframe[@title="streamlitApp"]</arg>
<doc>Sets frame identified by ``locator`` as the current frame.</doc>
<status status="PASS" start="2026-03-12T01:22:51.625128" elapsed="0.440398"/>
</kw>
<kw name="Wait Until Element Is Visible" owner="SeleniumLibrary">
<msg time="2026-03-12T01:23:07.828431" level="INFO" html="true">&lt;/td&gt;&lt;/tr&gt;&lt;tr&gt;&lt;td colspan="3"&gt;&lt;a href="selenium-screenshot-1.png"&gt;&lt;img src="selenium-screenshot-1.png" width="800px"&gt;&lt;/a&gt;</msg>
<msg time="2026-03-12T01:23:07.828431" level="FAIL">Element 'xpath=//div[@data-testid="stAlertContentSuccess"]//p[text()="User registered successfully."]' not visible after 15 seconds.</msg>
<arg>xpath=//div[@data-testid="stAlertContentSuccess"]//p[text()="User registered successfully."]</arg>
<arg>timeout=15s</arg>
<doc>Waits until the element ``locator`` is visible.</doc>
<status status="FAIL" start="2026-03-12T01:22:52.066074" elapsed="15.775467">Element 'xpath=//div[@data-testid="stAlertContentSuccess"]//p[text()="User registered successfully."]' not visible after 15 seconds.</status>
</kw>
<kw name="Wait Until Page Contains Element" owner="SeleniumLibrary">
<arg>xpath=//div[@data-testid="stAlertContentWarning"]//p[contains(text(), "SAVE THIS PRIVATE KEY NOW")]</arg>
<arg>timeout=5s</arg>
<doc>Waits until the element ``locator`` appears on the current page.</doc>
<status status="NOT RUN" start="2026-03-12T01:23:07.843543" elapsed="0.000000"/>
</kw>
<kw name="Wait Until Element Is Visible" owner="SeleniumLibrary">
<arg>xpath=//div[@data-testid="stDownloadButton"]//button</arg>
<arg>timeout=5s</arg>
<doc>Waits until the element ``locator`` is visible.</doc>
<status status="NOT RUN" start="2026-03-12T01:23:07.844540" elapsed="0.000000"/>
</kw>
<kw name="Click Element" owner="SeleniumLibrary">
<arg>xpath=//div[@data-testid="stDownloadButton"]//button</arg>
<doc>Click the element identified by ``locator``.</doc>
<status status="NOT RUN" start="2026-03-12T01:23:07.844540" elapsed="0.001006"/>
</kw>
<kw name="Sleep" owner="BuiltIn">
<arg>2s</arg>
<doc>Pauses the test executed for the given time.</doc>
<status status="NOT RUN" start="2026-03-12T01:23:07.845546" elapsed="0.000000"/>
</kw>
<kw name="Verify Downloaded Private Key" owner="E2E_Keywords">
<arg>${Username}</arg>
<status status="NOT RUN" start="2026-03-12T01:23:07.846726" elapsed="0.000000"/>
</kw>
<kw name="Wait Until Element Is Not Visible" owner="SeleniumLibrary">
<arg>xpath=//div[@data-testid="stAlertContentSuccess"]//p[text()="User registered successfully."]</arg>
<arg>timeout=15s</arg>
<doc>Waits until the element ``locator`` is not visible.</doc>
<status status="NOT RUN" start="2026-03-12T01:23:07.848910" elapsed="0.000000"/>
</kw>
<kw name="Wait Until Page Does Not Contain Element" owner="SeleniumLibrary">
<arg>xpath=//div[@data-testid="stAlertContentWarning"]//p[contains(text(), "SAVE THIS PRIVATE KEY NOW")]</arg>
<arg>timeout=5s</arg>
<doc>Waits until the element ``locator`` disappears from the current page.</doc>
<status status="NOT RUN" start="2026-03-12T01:23:07.850169" elapsed="0.000000"/>
</kw>
<kw name="Wait Until Element Is Not Visible" owner="SeleniumLibrary">
<arg>xpath=//div[@data-testid="stDownloadButton"]//button</arg>
<arg>timeout=5s</arg>
<doc>Waits until the element ``locator`` is not visible.</doc>
<status status="NOT RUN" start="2026-03-12T01:23:07.851205" elapsed="0.000000"/>
</kw>
<kw name="Unselect Frame" owner="SeleniumLibrary">
<doc>Sets the main frame as the current frame.</doc>
<status status="NOT RUN" start="2026-03-12T01:23:07.852254" elapsed="0.000000"/>
</kw>
<arg>${Auto_Username}</arg>
<status status="FAIL" start="2026-03-12T01:22:51.193308" elapsed="16.660946">Element 'xpath=//div[@data-testid="stAlertContentSuccess"]//p[text()="User registered successfully."]' not visible after 15 seconds.</status>
</kw>
<kw name="Login WFE SecureShare" owner="E2E_Keywords">
<arg>${Auto_Username}</arg>
<arg>${Auto_Password}</arg>
<status status="NOT RUN" start="2026-03-12T01:23:07.855762" elapsed="0.000000"/>
</kw>
<kw name="Verify User Login successfully" owner="E2E_Keywords">
<arg>${Auto_Username}</arg>
<status status="NOT RUN" start="2026-03-12T01:23:07.858576" elapsed="0.001720"/>
</kw>
<kw name="Logout WFE SecureShare" owner="E2E_Keywords">
<status status="NOT RUN" start="2026-03-12T01:23:07.862384" elapsed="0.000000"/>
</kw>
<kw name="Close SecureShare WFE" owner="E2E_Keywords">
<status status="NOT RUN" start="2026-03-12T01:23:07.870080" elapsed="0.000989"/>
</kw>
<kw name="Clean Downloaded File" owner="E2E_Keywords" type="TEARDOWN">
<kw name="Run Keyword And Ignore Error" owner="BuiltIn">
<kw name="Close SecureShare WFE" owner="E2E_Keywords">
<kw name="Close Browser" owner="SeleniumLibrary">
<doc>Closes the current browser.</doc>
<status status="PASS" start="2026-03-12T01:23:07.884074" elapsed="2.732214"/>
</kw>
<status status="PASS" start="2026-03-12T01:23:07.883001" elapsed="2.733287"/>
</kw>
<arg>Close SecureShare WFE</arg>
<doc>Runs the given keyword with the given arguments and ignores possible error.</doc>
<status status="PASS" start="2026-03-12T01:23:07.877987" elapsed="2.738301"/>
</kw>
<kw name="Set Variable" owner="BuiltIn">
<msg time="2026-03-12T01:23:10.617302" level="INFO">${file_to_delete} = C:\cyber\SecureShare\frontend\tests\Keywords\downloads\auto_user_20260312012245_private_key.pem</msg>
<var>${file_to_delete}</var>
<arg>${EXECDIR}${/}frontend${/}tests${/}Keywords${/}downloads${/}${filename}</arg>
<doc>Returns the given values which can then be assigned to a variables.</doc>
<status status="PASS" start="2026-03-12T01:23:10.616288" elapsed="0.002538"/>
</kw>
<kw name="Remove File" owner="OperatingSystem">
<msg time="2026-03-12T01:23:10.627392" level="INFO" html="true">File '&lt;a href="file://C:\cyber\SecureShare\frontend\tests\Keywords\downloads\auto_user_20260312012245_private_key.pem"&gt;C:\cyber\SecureShare\frontend\tests\Keywords\downloads\auto_user_20260312012245_private_key.pem&lt;/a&gt;' does not exist.</msg>
<arg>${file_to_delete}</arg>
<doc>Removes a file with the given path.</doc>
<status status="PASS" start="2026-03-12T01:23:10.620861" elapsed="0.007550"/>
</kw>
<arg>${Auto_Username}_private_key.pem</arg>
<status status="PASS" start="2026-03-12T01:23:07.875028" elapsed="2.753383"/>
</kw>
<status status="FAIL" start="2026-03-12T01:22:31.778426" elapsed="38.852539">Element 'xpath=//div[@data-testid="stAlertContentSuccess"]//p[text()="User registered successfully."]' not visible after 15 seconds.</status>
</test>
<status status="FAIL" start="2026-03-12T01:22:31.518559" elapsed="39.118060"/>
</suite>
<statistics>
<total>
<stat pass="0" fail="1" skip="0">All Tests</stat>
</total>
<tag>
</tag>
<suite>
<stat name="E2E Testcases" id="s1" pass="0" fail="1" skip="0">E2E Testcases</stat>
</suite>
</statistics>
<errors>
</errors>
</robot>
